c:\users\loic\documents\visual studio 2013\projects\server\server\debug\vc120.pdb
c:\users\loic\documents\visual studio 2013\projects\server\server\debug\vc120.idb
c:\users\loic\documents\visual studio 2013\projects\server\server\debug\aentity.obj
c:\users\loic\documents\visual studio 2013\projects\server\server\debug\client.obj
c:\users\loic\documents\visual studio 2013\projects\server\server\debug\clientmanager.obj
c:\users\loic\documents\visual studio 2013\projects\server\server\debug\dynamiclibrariesloader.obj
c:\users\loic\documents\visual studio 2013\projects\server\server\debug\enemy.obj
c:\users\loic\documents\visual studio 2013\projects\server\server\debug\game.obj
c:\users\loic\documents\visual studio 2013\projects\server\server\debug\main.obj
c:\users\loic\documents\visual studio 2013\projects\server\server\debug\server.obj
c:\users\loic\documents\visual studio 2013\projects\server\server\debug\ship.obj
c:\users\loic\documents\visual studio 2013\projects\server\server\debug\starfield.obj
c:\users\loic\documents\visual studio 2013\projects\server\server\debug\vector.obj
c:\users\loic\documents\visual studio 2013\projects\server\server\debug\weapon.obj
c:\users\loic\documents\visual studio 2013\projects\rtype\debug\server.ilk
c:\users\loic\documents\visual studio 2013\projects\rtype\debug\server.exe
c:\users\loic\documents\visual studio 2013\projects\rtype\debug\server.pdb
c:\users\loic\documents\visual studio 2013\projects\server\server\debug\server.tlog\cl.command.1.tlog
c:\users\loic\documents\visual studio 2013\projects\server\server\debug\server.tlog\cl.read.1.tlog
c:\users\loic\documents\visual studio 2013\projects\server\server\debug\server.tlog\cl.write.1.tlog
c:\users\loic\documents\visual studio 2013\projects\server\server\debug\server.tlog\link.command.1.tlog
c:\users\loic\documents\visual studio 2013\projects\server\server\debug\server.tlog\link.read.1.tlog
c:\users\loic\documents\visual studio 2013\projects\server\server\debug\server.tlog\link.write.1.tlog
