La génération a démarré 26/01/2015 01:13:50.
     1>Projet "C:\Users\Loic\Documents\Visual Studio 2013\Projects\server\server\server.vcxproj" sur le nœud 2 (Build cible(s)).
     1>ClCompile:
         C:\Program Files (x86)\Microsoft Visual Studio 12.0\VC\bin\CL.exe /c /ZI /nologo /W3 /WX- /Od /Oy- /D WIN32 /D _DEBUG /D _CONSOLE /D _LIB /D _UNICODE /D UNICODE /Gm /EHsc /RTC1 /MDd /GS /fp:precise /Zc:wchar_t /Zc:forScope /Fo"Debug\\" /Fd"Debug\vc120.pdb" /Gd /TP /analyze- /errorReport:prompt Server.cpp main.cpp
         Server.cpp
     1>c:\users\loic\documents\visual studio 2013\projects\server\server\server.cpp(78): warning C4244: 'argument' : conversion de 'double' en 'size_t', perte possible de données
     1>c:\users\loic\documents\visual studio 2013\projects\server\server\server.cpp(61): warning C4101: 'rec' : variable locale non référencée
     1>c:\users\loic\documents\visual studio 2013\projects\server\server\server.cpp(136): warning C4101: 'e' : variable locale non référencée
     1>c:\users\loic\documents\visual studio 2013\projects\server\server\server.cpp(182): warning C4101: 'e' : variable locale non référencée
         Génération de code en cours...
         Compilation en cours...
         main.cpp
     1>c:\users\loic\documents\visual studio 2013\projects\server\server\main.cpp(10): warning C4244: 'argument' : conversion de 'time_t' en 'unsigned int', perte possible de données
         Génération de code en cours...
       Link:
         C:\Program Files (x86)\Microsoft Visual Studio 12.0\VC\bin\link.exe /ERRORREPORT:PROMPT /OUT:"C:\Users\Loic\Documents\Visual Studio 2013\Projects\server\Debug\server.exe" /INCREMENTAL /NOLOGO kernel32.lib user32.lib gdi32.lib winspool.lib comdlg32.lib advapi32.lib shell32.lib ole32.lib oleaut32.lib uuid.lib odbc32.lib odbccp32.lib /MANIFEST /MANIFESTUAC:"level='asInvoker' uiAccess='false'" /manifest:embed /DEBUG /PDB:"C:\Users\Loic\Documents\Visual Studio 2013\Projects\server\Debug\server.pdb" /SUBSYSTEM:CONSOLE /TLBID:1 /DYNAMICBASE /NXCOMPAT /IMPLIB:"C:\Users\Loic\Documents\Visual Studio 2013\Projects\server\Debug\server.lib" /MACHINE:X86 Debug\AEntity.obj
         Debug\Client.obj
         Debug\ClientManager.obj
         Debug\DynamicLibrariesLoader.obj
         Debug\Enemy.obj
         Debug\Game.obj
         Debug\main.obj
         Debug\Server.obj
         Debug\Ship.obj
         Debug\Starfield.obj
         Debug\Vector.obj
         Debug\Weapon.obj
         server.vcxproj -> C:\Users\Loic\Documents\Visual Studio 2013\Projects\server\Debug\server.exe
     1>Génération du projet "C:\Users\Loic\Documents\Visual Studio 2013\Projects\server\server\server.vcxproj" terminée (Build cible(s)).

La génération a réussi.

Temps écoulé 00:00:02.34
